INFO 2023-09-02 14:00:38,151 autoreload 668 Watching for file changes with StatReloader
INFO 2023-09-02 14:00:48,442 basehttp 212 "GET / HTTP/1.1" 200 10664
WARNING 2023-09-02 14:00:48,722 log 241 Not Found: /favicon.ico
WARNING 2023-09-02 14:00:48,723 basehttp 212 "GET /favicon.ico HTTP/1.1" 404 2112
INFO 2023-09-02 14:01:56,480 basehttp 212 "GET / HTTP/1.1" 200 10664
INFO 2023-09-02 14:01:57,155 basehttp 212 "GET / HTTP/1.1" 200 10664
INFO 2023-09-02 14:01:57,640 basehttp 212 "GET / HTTP/1.1" 200 10664
INFO 2023-09-02 14:01:58,161 basehttp 212 "GET / HTTP/1.1" 200 10664
INFO 2023-09-02 21:51:22,641 autoreload 668 Watching for file changes with StatReloader
INFO 2023-09-02 22:44:23,270 autoreload 668 Watching for file changes with StatReloader
INFO 2023-09-02 22:45:55,602 autoreload 266 D:\PyProject\luffy\luffyapi\venv\Lib\site-packages\django\db\backends\mysql\base.py changed, reloading.
INFO 2023-09-02 22:45:56,092 autoreload 668 Watching for file changes with StatReloader
INFO 2023-09-02 22:45:58,365 autoreload 668 Watching for file changes with StatReloader
INFO 2023-09-02 22:46:25,887 autoreload 266 D:\PyProject\luffy\luffyapi\venv\Lib\site-packages\django\db\backends\mysql\base.py changed, reloading.
INFO 2023-09-02 22:47:03,630 autoreload 668 Watching for file changes with StatReloader
INFO 2023-09-02 22:47:32,214 autoreload 266 D:\PyProject\luffy\luffyapi\venv\Lib\site-packages\django\db\backends\base\base.py changed, reloading.
INFO 2023-09-02 22:47:32,659 autoreload 668 Watching for file changes with StatReloader
INFO 2023-09-02 22:47:34,461 autoreload 668 Watching for file changes with StatReloader
INFO 2023-09-02 22:49:58,037 autoreload 668 Watching for file changes with StatReloader
INFO 2023-09-02 23:01:32,444 autoreload 266 D:\PyProject\luffy\luffyapi\venv\Lib\site-packages\django\db\backends\base\base.py changed, reloading.
INFO 2023-09-02 23:01:32,934 autoreload 668 Watching for file changes with StatReloader
INFO 2023-09-02 23:01:35,839 autoreload 668 Watching for file changes with StatReloader
INFO 2023-09-02 23:02:20,306 autoreload 266 D:\PyProject\luffy\luffyapi\venv\Lib\site-packages\django\db\backends\base\base.py changed, reloading.
INFO 2023-09-02 23:02:20,732 autoreload 668 Watching for file changes with StatReloader
INFO 2023-09-02 23:09:16,823 autoreload 668 Watching for file changes with StatReloader
INFO 2023-09-03 20:47:09,662 autoreload 668 Watching for file changes with StatReloader
INFO 2023-09-03 20:49:31,282 basehttp 212 "GET / HTTP/1.1" 200 10664
WARNING 2023-09-03 20:49:31,561 log 241 Not Found: /favicon.ico
WARNING 2023-09-03 20:49:31,562 basehttp 212 "GET /favicon.ico HTTP/1.1" 404 2112
ERROR 2023-09-03 20:49:46,551 exception 124 Invalid HTTP_HOST header: 'api.luffycity.cn:8000'. You may need to add 'api.luffycity.cn' to ALLOWED_HOSTS.
Traceback (most recent call last):
  File "D:\PyProject\luffy\luffyapi\venv\lib\site-packages\django\core\handlers\exception.py", line 55, in inner
    response = get_response(request)
  File "D:\PyProject\luffy\luffyapi\venv\lib\site-packages\django\utils\deprecation.py", line 133, in __call__
    response = self.process_request(request)
  File "D:\PyProject\luffy\luffyapi\venv\lib\site-packages\django\middleware\common.py", line 48, in process_request
    host = request.get_host()
  File "D:\PyProject\luffy\luffyapi\venv\lib\site-packages\django\http\request.py", line 150, in get_host
    raise DisallowedHost(msg)
django.core.exceptions.DisallowedHost: Invalid HTTP_HOST header: 'api.luffycity.cn:8000'. You may need to add 'api.luffycity.cn' to ALLOWED_HOSTS.
WARNING 2023-09-03 20:49:46,590 log 241 Bad Request: /
WARNING 2023-09-03 20:49:46,591 basehttp 212 "GET / HTTP/1.1" 400 69270
ERROR 2023-09-03 20:49:46,913 exception 124 Invalid HTTP_HOST header: 'api.luffycity.cn:8000'. You may need to add 'api.luffycity.cn' to ALLOWED_HOSTS.
Traceback (most recent call last):
  File "D:\PyProject\luffy\luffyapi\venv\lib\site-packages\django\core\handlers\exception.py", line 55, in inner
    response = get_response(request)
  File "D:\PyProject\luffy\luffyapi\venv\lib\site-packages\django\utils\deprecation.py", line 133, in __call__
    response = self.process_request(request)
  File "D:\PyProject\luffy\luffyapi\venv\lib\site-packages\django\middleware\common.py", line 48, in process_request
    host = request.get_host()
  File "D:\PyProject\luffy\luffyapi\venv\lib\site-packages\django\http\request.py", line 150, in get_host
    raise DisallowedHost(msg)
django.core.exceptions.DisallowedHost: Invalid HTTP_HOST header: 'api.luffycity.cn:8000'. You may need to add 'api.luffycity.cn' to ALLOWED_HOSTS.
WARNING 2023-09-03 20:49:46,929 log 241 Bad Request: /favicon.ico
WARNING 2023-09-03 20:49:46,930 basehttp 212 "GET /favicon.ico HTTP/1.1" 400 69330
ERROR 2023-09-03 20:51:15,395 exception 124 Invalid HTTP_HOST header: 'www.luffycity.cn:8000'. You may need to add 'www.luffycity.cn' to ALLOWED_HOSTS.
Traceback (most recent call last):
  File "D:\PyProject\luffy\luffyapi\venv\lib\site-packages\django\core\handlers\exception.py", line 55, in inner
    response = get_response(request)
  File "D:\PyProject\luffy\luffyapi\venv\lib\site-packages\django\utils\deprecation.py", line 133, in __call__
    response = self.process_request(request)
  File "D:\PyProject\luffy\luffyapi\venv\lib\site-packages\django\middleware\common.py", line 48, in process_request
    host = request.get_host()
  File "D:\PyProject\luffy\luffyapi\venv\lib\site-packages\django\http\request.py", line 150, in get_host
    raise DisallowedHost(msg)
django.core.exceptions.DisallowedHost: Invalid HTTP_HOST header: 'www.luffycity.cn:8000'. You may need to add 'www.luffycity.cn' to ALLOWED_HOSTS.
WARNING 2023-09-03 20:51:15,410 log 241 Bad Request: /
WARNING 2023-09-03 20:51:15,410 basehttp 212 "GET / HTTP/1.1" 400 69270
ERROR 2023-09-03 20:51:15,730 exception 124 Invalid HTTP_HOST header: 'www.luffycity.cn:8000'. You may need to add 'www.luffycity.cn' to ALLOWED_HOSTS.
Traceback (most recent call last):
  File "D:\PyProject\luffy\luffyapi\venv\lib\site-packages\django\core\handlers\exception.py", line 55, in inner
    response = get_response(request)
  File "D:\PyProject\luffy\luffyapi\venv\lib\site-packages\django\utils\deprecation.py", line 133, in __call__
    response = self.process_request(request)
  File "D:\PyProject\luffy\luffyapi\venv\lib\site-packages\django\middleware\common.py", line 48, in process_request
    host = request.get_host()
  File "D:\PyProject\luffy\luffyapi\venv\lib\site-packages\django\http\request.py", line 150, in get_host
    raise DisallowedHost(msg)
django.core.exceptions.DisallowedHost: Invalid HTTP_HOST header: 'www.luffycity.cn:8000'. You may need to add 'www.luffycity.cn' to ALLOWED_HOSTS.
WARNING 2023-09-03 20:51:15,746 log 241 Bad Request: /favicon.ico
WARNING 2023-09-03 20:51:15,746 basehttp 212 "GET /favicon.ico HTTP/1.1" 400 69330
INFO 2023-09-03 21:15:28,059 basehttp 212 "GET / HTTP/1.1" 200 10664
WARNING 2023-09-03 21:15:28,337 log 241 Not Found: /favicon.ico
WARNING 2023-09-03 21:15:28,338 basehttp 212 "GET /favicon.ico HTTP/1.1" 404 2112
INFO 2023-09-03 21:18:59,129 autoreload 266 D:\PyProject\luffy\luffyapi\luffyapi\settings\dev.py changed, reloading.
INFO 2023-09-03 21:18:59,613 autoreload 668 Watching for file changes with StatReloader
INFO 2023-09-03 21:19:11,577 autoreload 266 D:\PyProject\luffy\luffyapi\luffyapi\settings\dev.py changed, reloading.
INFO 2023-09-03 21:19:12,099 autoreload 668 Watching for file changes with StatReloader
INFO 2023-09-03 21:19:15,664 autoreload 266 D:\PyProject\luffy\luffyapi\luffyapi\settings\dev.py changed, reloading.
INFO 2023-09-03 21:19:16,135 autoreload 668 Watching for file changes with StatReloader
INFO 2023-09-03 21:19:21,748 autoreload 668 Watching for file changes with StatReloader
INFO 2023-09-03 21:19:42,665 basehttp 212 "GET / HTTP/1.1" 200 10664
WARNING 2023-09-03 21:19:42,976 log 241 Not Found: /favicon.ico
WARNING 2023-09-03 21:19:42,977 basehttp 212 "GET /favicon.ico HTTP/1.1" 404 2119
INFO 2023-09-03 21:28:13,359 basehttp 212 "GET / HTTP/1.1" 200 10664
INFO 2023-09-04 16:03:17,204 autoreload 668 Watching for file changes with StatReloader
INFO 2023-09-04 16:03:39,377 basehttp 212 "GET / HTTP/1.1" 200 10664
WARNING 2023-09-04 16:03:39,687 log 241 Not Found: /favicon.ico
WARNING 2023-09-04 16:03:39,689 basehttp 212 "GET /favicon.ico HTTP/1.1" 404 2119
INFO 2023-09-04 16:04:29,701 basehttp 212 "GET / HTTP/1.1" 200 10664
WARNING 2023-09-04 16:04:29,836 log 241 Not Found: /favicon.ico
WARNING 2023-09-04 16:04:29,837 basehttp 212 "GET /favicon.ico HTTP/1.1" 404 2119
INFO 2023-09-04 16:04:39,891 basehttp 212 "GET / HTTP/1.1" 200 10664
INFO 2023-09-04 16:08:16,227 autoreload 266 D:\PyProject\luffy\luffyapi\luffyapi\settings\dev.py changed, reloading.
INFO 2023-09-04 16:08:16,815 autoreload 668 Watching for file changes with StatReloader
INFO 2023-09-04 16:08:39,393 autoreload 266 D:\PyProject\luffy\luffyapi\luffyapi\settings\dev.py changed, reloading.
INFO 2023-09-04 16:08:39,907 autoreload 668 Watching for file changes with StatReloader
INFO 2023-09-04 16:10:23,163 autoreload 266 D:\PyProject\luffy\luffyapi\luffyapi\urls.py changed, reloading.
INFO 2023-09-04 16:10:23,771 autoreload 668 Watching for file changes with StatReloader
INFO 2023-09-04 16:10:44,202 autoreload 266 D:\PyProject\luffy\luffyapi\luffyapi\urls.py changed, reloading.
INFO 2023-09-04 16:10:44,772 autoreload 668 Watching for file changes with StatReloader
INFO 2023-09-04 16:16:29,146 autoreload 266 D:\PyProject\luffy\luffyapi\luffyapi\settings\dev.py changed, reloading.
INFO 2023-09-04 16:16:29,679 autoreload 668 Watching for file changes with StatReloader
INFO 2023-09-04 16:17:54,022 autoreload 266 D:\PyProject\luffy\luffyapi\luffyapi\settings\dev.py changed, reloading.
INFO 2023-09-04 16:17:54,547 autoreload 668 Watching for file changes with StatReloader
INFO 2023-09-04 16:18:40,169 autoreload 266 D:\PyProject\luffy\luffyapi\luffyapi\settings\dev.py changed, reloading.
INFO 2023-09-04 16:18:40,718 autoreload 668 Watching for file changes with StatReloader
INFO 2023-09-04 16:18:49,910 autoreload 266 D:\PyProject\luffy\luffyapi\luffyapi\settings\dev.py changed, reloading.
INFO 2023-09-04 16:18:50,479 autoreload 668 Watching for file changes with StatReloader
INFO 2023-09-04 16:19:01,831 autoreload 266 D:\PyProject\luffy\luffyapi\luffyapi\settings\dev.py changed, reloading.
INFO 2023-09-04 16:19:02,352 autoreload 668 Watching for file changes with StatReloader
INFO 2023-09-04 16:20:23,620 autoreload 668 Watching for file changes with StatReloader
INFO 2023-09-04 18:34:36,611 autoreload 668 Watching for file changes with StatReloader
INFO 2023-09-04 18:37:11,970 autoreload 266 D:\PyProject\luffy\luffyapi\luffyapi\apps\home\views.py changed, reloading.
INFO 2023-09-04 18:37:12,492 autoreload 668 Watching for file changes with StatReloader
INFO 2023-09-04 18:37:14,890 autoreload 668 Watching for file changes with StatReloader
WARNING 2023-09-04 18:37:22,771 log 241 Not Found: /
WARNING 2023-09-04 18:37:22,772 basehttp 212 "GET / HTTP/1.1" 404 2346
INFO 2023-09-04 18:37:27,635 basehttp 212 "GET /banner HTTP/1.1" 301 0
INFO 2023-09-04 18:37:27,677 basehttp 212 "GET /banner/ HTTP/1.1" 200 5182
INFO 2023-09-04 18:37:27,970 basehttp 212 "GET /static/rest_framework/css/default.css HTTP/1.1" 200 1152
INFO 2023-09-04 18:37:27,972 basehttp 212 "GET /static/rest_framework/js/csrf.js HTTP/1.1" 200 1719
INFO 2023-09-04 18:37:27,975 basehttp 212 "GET /static/rest_framework/js/bootstrap.min.js HTTP/1.1" 200 39680
INFO 2023-09-04 18:37:27,978 basehttp 212 "GET /static/rest_framework/js/prettify-min.js HTTP/1.1" 200 13632
INFO 2023-09-04 18:37:27,980 basehttp 212 "GET /static/rest_framework/js/default.js HTTP/1.1" 200 1268
INFO 2023-09-04 18:37:28,002 basehttp 212 "GET /static/rest_framework/js/ajax-form.js HTTP/1.1" 200 3597
INFO 2023-09-04 18:37:28,017 basehttp 212 "GET /static/rest_framework/css/bootstrap.min.css HTTP/1.1" 200 121457
INFO 2023-09-04 18:37:28,031 basehttp 212 "GET /static/rest_framework/css/prettify.css HTTP/1.1" 200 817
INFO 2023-09-04 18:37:28,032 basehttp 212 "GET /static/rest_framework/js/jquery-3.5.1.min.js HTTP/1.1" 200 89476
INFO 2023-09-04 18:37:28,041 basehttp 212 "GET /static/rest_framework/css/bootstrap-tweaks.css HTTP/1.1" 200 3385
INFO 2023-09-04 18:37:28,053 basehttp 212 "GET /static/rest_framework/img/grid.png HTTP/1.1" 200 1458
INFO 2023-09-05 18:27:46,109 autoreload 668 Watching for file changes with StatReloader
INFO 2023-09-05 18:31:07,911 autoreload 266 D:\PyProject\luffy\luffyapi\luffyapi\apps\home\views.py changed, reloading.
INFO 2023-09-05 18:31:08,437 autoreload 668 Watching for file changes with StatReloader
WARNING 2023-09-05 18:31:20,255 log 241 Not Found: /
WARNING 2023-09-05 18:31:20,255 basehttp 212 "GET / HTTP/1.1" 404 2346
WARNING 2023-09-05 18:31:20,544 log 241 Not Found: /favicon.ico
WARNING 2023-09-05 18:31:20,545 basehttp 212 "GET /favicon.ico HTTP/1.1" 404 2397
INFO 2023-09-05 18:31:26,823 basehttp 212 "GET /banner HTTP/1.1" 301 0
INFO 2023-09-05 18:31:26,858 basehttp 212 "GET /banner/ HTTP/1.1" 200 5182
INFO 2023-09-05 18:31:27,107 basehttp 212 "GET /static/rest_framework/css/bootstrap.min.css HTTP/1.1" 200 121457
INFO 2023-09-05 18:31:27,110 basehttp 212 "GET /static/rest_framework/js/csrf.js HTTP/1.1" 200 1719
INFO 2023-09-05 18:31:27,115 basehttp 212 "GET /static/rest_framework/js/bootstrap.min.js HTTP/1.1" 200 39680
INFO 2023-09-05 18:31:27,118 basehttp 212 "GET /static/rest_framework/js/prettify-min.js HTTP/1.1" 200 13632
INFO 2023-09-05 18:31:27,121 basehttp 212 "GET /static/rest_framework/js/default.js HTTP/1.1" 200 1268
INFO 2023-09-05 18:31:27,125 basehttp 212 "GET /static/rest_framework/css/default.css HTTP/1.1" 200 1152
INFO 2023-09-05 18:31:27,132 basehttp 212 "GET /static/rest_framework/css/prettify.css HTTP/1.1" 200 817
INFO 2023-09-05 18:31:27,137 basehttp 212 "GET /static/rest_framework/css/bootstrap-tweaks.css HTTP/1.1" 200 3385
INFO 2023-09-05 18:31:27,141 basehttp 212 "GET /static/rest_framework/js/ajax-form.js HTTP/1.1" 200 3597
INFO 2023-09-05 18:31:27,143 basehttp 212 "GET /static/rest_framework/js/jquery-3.5.1.min.js HTTP/1.1" 200 89476
INFO 2023-09-05 18:31:27,148 basehttp 212 "GET /static/rest_framework/img/grid.png HTTP/1.1" 200 1458
INFO 2023-09-05 18:33:55,052 autoreload 266 D:\PyProject\luffy\luffyapi\luffyapi\settings\dev.py changed, reloading.
INFO 2023-09-05 18:33:55,564 autoreload 668 Watching for file changes with StatReloader
INFO 2023-09-05 18:34:29,091 autoreload 266 D:\PyProject\luffy\luffyapi\luffyapi\settings\dev.py changed, reloading.
INFO 2023-09-05 18:34:29,644 autoreload 668 Watching for file changes with StatReloader
INFO 2023-09-05 18:35:28,404 autoreload 266 D:\PyProject\luffy\luffyapi\luffyapi\urls.py changed, reloading.
INFO 2023-09-05 18:35:28,964 autoreload 668 Watching for file changes with StatReloader
INFO 2023-09-05 18:37:12,061 autoreload 266 D:\PyProject\luffy\luffyapi\luffyapi\urls.py changed, reloading.
INFO 2023-09-05 18:37:12,721 autoreload 668 Watching for file changes with StatReloader
INFO 2023-09-05 18:37:23,040 autoreload 266 D:\PyProject\luffy\luffyapi\luffyapi\urls.py changed, reloading.
INFO 2023-09-05 18:37:23,582 autoreload 668 Watching for file changes with StatReloader
INFO 2023-09-05 18:42:24,166 autoreload 266 D:\PyProject\luffy\luffyapi\luffyapi\settings\dev.py changed, reloading.
INFO 2023-09-05 18:42:24,653 autoreload 668 Watching for file changes with StatReloader
INFO 2023-09-05 18:42:52,110 autoreload 266 D:\PyProject\luffy\luffyapi\luffyapi\settings\dev.py changed, reloading.
INFO 2023-09-05 18:42:52,611 autoreload 668 Watching for file changes with StatReloader
INFO 2023-09-05 18:44:03,298 autoreload 266 D:\PyProject\luffy\luffyapi\luffyapi\settings\dev.py changed, reloading.
INFO 2023-09-05 18:44:03,827 autoreload 668 Watching for file changes with StatReloader
INFO 2023-09-05 18:45:19,740 autoreload 668 Watching for file changes with StatReloader
INFO 2023-09-05 18:45:59,396 basehttp 212 "GET /admin HTTP/1.1" 301 0
INFO 2023-09-05 18:45:59,408 basehttp 212 "GET /admin/ HTTP/1.1" 302 0
INFO 2023-09-05 18:45:59,439 basehttp 212 "GET /admin/login/?next=/admin/ HTTP/1.1" 200 4195
INFO 2023-09-05 18:45:59,610 basehttp 212 "GET /static/admin/css/base.css HTTP/1.1" 200 21207
INFO 2023-09-05 18:45:59,623 basehttp 212 "GET /static/admin/css/login.css HTTP/1.1" 200 958
INFO 2023-09-05 18:45:59,670 basehttp 212 "GET /static/admin/css/responsive.css HTTP/1.1" 200 18533
INFO 2023-09-05 18:45:59,674 basehttp 212 "GET /static/admin/css/nav_sidebar.css HTTP/1.1" 200 2694
INFO 2023-09-05 18:45:59,674 basehttp 212 "GET /static/admin/js/theme.js HTTP/1.1" 200 1943
INFO 2023-09-05 18:45:59,675 basehttp 212 "GET /static/admin/js/nav_sidebar.js HTTP/1.1" 200 3063
INFO 2023-09-05 18:45:59,678 basehttp 212 "GET /static/admin/css/dark_mode.css HTTP/1.1" 200 2929
INFO 2023-09-05 18:47:20,479 basehttp 212 "POST /admin/login/?next=/admin/ HTTP/1.1" 302 0
INFO 2023-09-05 18:47:20,525 basehttp 212 "GET /admin/ HTTP/1.1" 200 5527
INFO 2023-09-05 18:47:20,568 basehttp 212 "GET /static/admin/css/dashboard.css HTTP/1.1" 200 441
INFO 2023-09-05 18:47:20,588 basehttp 212 "GET /static/admin/img/icon-changelink.svg HTTP/1.1" 200 380
INFO 2023-09-05 18:47:20,588 basehttp 212 "GET /static/admin/img/icon-addlink.svg HTTP/1.1" 200 331
WARNING 2023-09-05 18:47:57,807 log 241 Not Found: /
WARNING 2023-09-05 18:47:57,807 basehttp 212 "GET / HTTP/1.1" 404 2456
INFO 2023-09-05 18:47:58,733 basehttp 212 "GET /admin/ HTTP/1.1" 200 5527
INFO 2023-09-05 18:48:02,150 basehttp 212 "GET /admin/auth/user/ HTTP/1.1" 200 10461
INFO 2023-09-05 18:48:02,202 basehttp 212 "GET /static/admin/css/dark_mode.css HTTP/1.1" 304 0
INFO 2023-09-05 18:48:02,202 basehttp 212 "GET /static/admin/css/base.css HTTP/1.1" 304 0
INFO 2023-09-05 18:48:02,208 basehttp 212 "GET /static/admin/css/nav_sidebar.css HTTP/1.1" 304 0
INFO 2023-09-05 18:48:02,209 basehttp 212 "GET /static/admin/js/jquery.init.js HTTP/1.1" 200 347
INFO 2023-09-05 18:48:02,210 basehttp 212 "GET /static/admin/css/changelists.css HTTP/1.1" 200 6566
INFO 2023-09-05 18:48:02,210 basehttp 212 "GET /static/admin/css/responsive.css HTTP/1.1" 304 0
INFO 2023-09-05 18:48:02,214 basehttp 212 "GET /static/admin/js/core.js HTTP/1.1" 200 5682
INFO 2023-09-05 18:48:02,216 basehttp 212 "GET /static/admin/js/admin/RelatedObjectLookups.js HTTP/1.1" 200 8943
INFO 2023-09-05 18:48:02,217 basehttp 212 "GET /static/admin/js/urlify.js HTTP/1.1" 200 7887
INFO 2023-09-05 18:48:02,218 basehttp 212 "GET /static/admin/js/actions.js HTTP/1.1" 200 7872
INFO 2023-09-05 18:48:02,219 basehttp 212 "GET /static/admin/js/prepopulate.js HTTP/1.1" 200 1531
INFO 2023-09-05 18:48:02,224 basehttp 212 "GET /static/admin/js/vendor/jquery/jquery.js HTTP/1.1" 200 292458
INFO 2023-09-05 18:48:02,226 basehttp 212 "GET /admin/jsi18n/ HTTP/1.1" 200 8560
INFO 2023-09-05 18:48:02,227 basehttp 212 "GET /static/admin/js/vendor/xregexp/xregexp.js HTTP/1.1" 200 232381
INFO 2023-09-05 18:48:02,232 basehttp 212 "GET /static/admin/js/theme.js HTTP/1.1" 304 0
INFO 2023-09-05 18:48:02,234 basehttp 212 "GET /static/admin/js/nav_sidebar.js HTTP/1.1" 304 0
INFO 2023-09-05 18:48:02,247 basehttp 212 "GET /static/admin/js/filters.js HTTP/1.1" 200 978
INFO 2023-09-05 18:48:02,248 basehttp 212 "GET /static/admin/img/search.svg HTTP/1.1" 200 458
INFO 2023-09-05 18:48:02,248 basehttp 212 "GET /static/admin/img/icon-yes.svg HTTP/1.1" 200 436
INFO 2023-09-05 18:48:02,253 basehttp 212 "GET /static/admin/img/tooltag-add.svg HTTP/1.1" 200 331
INFO 2023-09-05 18:48:02,263 basehttp 212 "GET /static/admin/img/sorting-icons.svg HTTP/1.1" 200 1097
INFO 2023-09-06 16:37:18,851 autoreload 668 Watching for file changes with StatReloader
WARNING 2023-09-06 16:37:27,002 log 241 Not Found: /
WARNING 2023-09-06 16:37:27,003 basehttp 212 "GET / HTTP/1.1" 404 2456
WARNING 2023-09-06 16:37:27,288 log 241 Not Found: /favicon.ico
WARNING 2023-09-06 16:37:27,289 basehttp 212 "GET /favicon.ico HTTP/1.1" 404 2507
INFO 2023-09-06 16:37:35,165 basehttp 212 "GET /admin/ HTTP/1.1" 200 5527
INFO 2023-09-06 16:37:35,373 basehttp 212 "GET /static/admin/js/theme.js HTTP/1.1" 200 1943
INFO 2023-09-06 16:37:35,378 basehttp 212 "GET /static/admin/js/nav_sidebar.js HTTP/1.1" 200 3063
INFO 2023-09-06 16:37:35,416 basehttp 212 "GET /static/admin/css/dark_mode.css HTTP/1.1" 200 2929
INFO 2023-09-06 16:37:35,417 basehttp 212 "GET /static/admin/css/base.css HTTP/1.1" 200 21207
INFO 2023-09-06 16:37:35,431 basehttp 212 "GET /static/admin/css/dashboard.css HTTP/1.1" 200 441
INFO 2023-09-06 16:37:35,434 basehttp 212 "GET /static/admin/css/nav_sidebar.css HTTP/1.1" 200 2694
INFO 2023-09-06 16:37:35,434 basehttp 212 "GET /static/admin/css/responsive.css HTTP/1.1" 200 18533
INFO 2023-09-06 16:37:35,446 basehttp 212 "GET /static/admin/img/icon-addlink.svg HTTP/1.1" 200 331
INFO 2023-09-06 16:37:35,446 basehttp 212 "GET /static/admin/img/icon-changelink.svg HTTP/1.1" 200 380
WARNING 2023-09-06 16:37:37,860 log 241 Not Found: /
WARNING 2023-09-06 16:37:37,861 basehttp 212 "GET / HTTP/1.1" 404 2456
INFO 2023-09-06 16:37:38,530 basehttp 212 "GET /admin/ HTTP/1.1" 200 5527
INFO 2023-09-06 16:38:17,409 basehttp 212 "GET /admin/ HTTP/1.1" 200 5527
WARNING 2023-09-06 16:38:17,967 log 241 Not Found: /favicon.ico
WARNING 2023-09-06 16:38:17,968 basehttp 212 "GET /favicon.ico HTTP/1.1" 404 2507
INFO 2023-09-06 16:48:04,080 autoreload 266 D:\PyProject\luffy\luffyapi\luffyapi\apps\home\admin.py changed, reloading.
INFO 2023-09-06 16:48:04,566 autoreload 668 Watching for file changes with StatReloader
INFO 2023-09-06 16:51:04,258 autoreload 266 D:\PyProject\luffy\luffyapi\luffyapi\apps\home\admin.py changed, reloading.
INFO 2023-09-06 16:51:04,820 autoreload 668 Watching for file changes with StatReloader
INFO 2023-09-06 16:51:20,359 autoreload 668 Watching for file changes with StatReloader
INFO 2023-09-06 16:51:24,014 basehttp 212 "GET /admin/ HTTP/1.1" 200 5527
WARNING 2023-09-06 16:51:28,659 log 241 Not Found: /
WARNING 2023-09-06 16:51:28,659 basehttp 212 "GET / HTTP/1.1" 404 2456
INFO 2023-09-06 16:51:29,991 basehttp 212 "GET /admin/ HTTP/1.1" 200 5527
INFO 2023-09-06 16:51:31,332 basehttp 212 "GET /admin/ HTTP/1.1" 200 5527
INFO 2023-09-06 16:51:31,558 basehttp 212 "GET /static/admin/css/base.css HTTP/1.1" 200 21207
INFO 2023-09-06 16:51:31,564 basehttp 212 "GET /static/admin/css/dark_mode.css HTTP/1.1" 200 2929
INFO 2023-09-06 16:51:31,570 basehttp 212 "GET /static/admin/css/responsive.css HTTP/1.1" 200 18533
INFO 2023-09-06 16:51:31,570 basehttp 212 "GET /static/admin/css/dashboard.css HTTP/1.1" 200 441
INFO 2023-09-06 16:51:31,572 basehttp 212 "GET /static/admin/css/nav_sidebar.css HTTP/1.1" 200 2694
INFO 2023-09-06 16:51:31,576 basehttp 212 "GET /static/admin/js/theme.js HTTP/1.1" 200 1943
INFO 2023-09-06 16:51:31,577 basehttp 212 "GET /static/admin/js/nav_sidebar.js HTTP/1.1" 200 3063
INFO 2023-09-06 16:51:31,587 basehttp 212 "GET /static/admin/img/icon-addlink.svg HTTP/1.1" 200 331
INFO 2023-09-06 16:51:31,587 basehttp 212 "GET /static/admin/img/icon-changelink.svg HTTP/1.1" 200 380
WARNING 2023-09-06 16:51:31,652 log 241 Not Found: /favicon.ico
WARNING 2023-09-06 16:51:31,653 basehttp 212 "GET /favicon.ico HTTP/1.1" 404 2507
INFO 2023-09-06 16:51:40,556 basehttp 212 "GET /admin/auth/user/ HTTP/1.1" 200 10461
INFO 2023-09-06 16:51:40,614 basehttp 212 "GET /static/admin/css/changelists.css HTTP/1.1" 200 6566
INFO 2023-09-06 16:51:40,615 basehttp 212 "GET /static/admin/js/jquery.init.js HTTP/1.1" 200 347
INFO 2023-09-06 16:51:40,615 basehttp 212 "GET /static/admin/js/core.js HTTP/1.1" 200 5682
INFO 2023-09-06 16:51:40,616 basehttp 212 "GET /static/admin/js/admin/RelatedObjectLookups.js HTTP/1.1" 200 8943
INFO 2023-09-06 16:51:40,621 basehttp 212 "GET /static/admin/js/prepopulate.js HTTP/1.1" 200 1531
INFO 2023-09-06 16:51:40,621 basehttp 212 "GET /static/admin/js/urlify.js HTTP/1.1" 200 7887
INFO 2023-09-06 16:51:40,621 basehttp 212 "GET /static/admin/js/actions.js HTTP/1.1" 200 7872
INFO 2023-09-06 16:51:40,626 basehttp 212 "GET /static/admin/js/vendor/jquery/jquery.js HTTP/1.1" 200 292458
INFO 2023-09-06 16:51:40,630 basehttp 212 "GET /admin/jsi18n/ HTTP/1.1" 200 8560
INFO 2023-09-06 16:51:40,630 basehttp 212 "GET /static/admin/js/vendor/xregexp/xregexp.js HTTP/1.1" 200 232381
INFO 2023-09-06 16:51:40,636 basehttp 212 "GET /static/admin/js/filters.js HTTP/1.1" 200 978
INFO 2023-09-06 16:51:40,637 basehttp 212 "GET /static/admin/img/search.svg HTTP/1.1" 200 458
INFO 2023-09-06 16:51:40,647 basehttp 212 "GET /static/admin/img/icon-yes.svg HTTP/1.1" 200 436
INFO 2023-09-06 16:51:40,652 basehttp 212 "GET /static/admin/img/tooltag-add.svg HTTP/1.1" 200 331
INFO 2023-09-06 16:51:40,669 basehttp 212 "GET /static/admin/img/sorting-icons.svg HTTP/1.1" 200 1097
INFO 2023-09-06 16:51:45,553 basehttp 212 "GET /admin/auth/user/1/change/ HTTP/1.1" 200 19999
INFO 2023-09-06 16:51:45,596 basehttp 212 "GET /static/admin/css/forms.css HTTP/1.1" 200 9047
INFO 2023-09-06 16:51:45,597 basehttp 212 "GET /static/admin/js/calendar.js HTTP/1.1" 200 8466
INFO 2023-09-06 16:51:45,597 basehttp 212 "GET /static/admin/js/SelectBox.js HTTP/1.1" 200 4530
INFO 2023-09-06 16:51:45,598 basehttp 212 "GET /static/admin/js/admin/DateTimeShortcuts.js HTTP/1.1" 200 19319
INFO 2023-09-06 16:51:45,598 basehttp 212 "GET /static/admin/js/SelectFilter2.js HTTP/1.1" 200 15292
INFO 2023-09-06 16:51:45,604 basehttp 212 "GET /admin/jsi18n/ HTTP/1.1" 200 8560
INFO 2023-09-06 16:51:45,611 basehttp 212 "GET /static/admin/js/prepopulate_init.js HTTP/1.1" 200 586
INFO 2023-09-06 16:51:45,611 basehttp 212 "GET /static/admin/css/widgets.css HTTP/1.1" 200 11900
INFO 2023-09-06 16:51:45,618 basehttp 212 "GET /static/admin/js/change_form.js HTTP/1.1" 200 606
INFO 2023-09-06 16:51:45,728 basehttp 212 "GET /static/admin/img/selector-icons.svg HTTP/1.1" 200 3291
INFO 2023-09-06 16:51:45,728 basehttp 212 "GET /static/admin/img/icon-clock.svg HTTP/1.1" 200 677
INFO 2023-09-06 16:51:45,728 basehttp 212 "GET /static/admin/img/icon-calendar.svg HTTP/1.1" 200 1086
INFO 2023-09-06 16:51:45,729 basehttp 212 "GET /static/admin/img/icon-unknown-alt.svg HTTP/1.1" 200 655
INFO 2023-09-06 16:51:45,729 basehttp 212 "GET /static/admin/img/icon-unknown.svg HTTP/1.1" 200 655
INFO 2023-09-06 16:51:47,597 basehttp 212 "GET /admin/auth/user/ HTTP/1.1" 200 10461
INFO 2023-09-06 16:51:54,658 basehttp 212 "GET /admin/ HTTP/1.1" 200 5527
INFO 2023-09-06 16:51:56,151 basehttp 212 "GET /admin/auth/group/ HTTP/1.1" 200 7203
INFO 2023-09-06 16:51:56,204 basehttp 212 "GET /admin/jsi18n/ HTTP/1.1" 200 8560
INFO 2023-09-06 16:51:57,194 basehttp 212 "GET /admin/ HTTP/1.1" 200 5527
INFO 2023-09-06 16:53:21,130 autoreload 266 D:\PyProject\luffy\luffyapi\luffyapi\apps\home\admin.py changed, reloading.
INFO 2023-09-06 16:53:21,627 autoreload 668 Watching for file changes with StatReloader
INFO 2023-09-06 16:54:57,885 autoreload 266 D:\PyProject\luffy\luffyapi\luffyapi\apps\home\admin.py changed, reloading.
INFO 2023-09-06 16:54:58,356 autoreload 668 Watching for file changes with StatReloader
INFO 2023-09-06 16:55:56,128 autoreload 266 D:\PyProject\luffy\luffyapi\luffyapi\apps\home\admin.py changed, reloading.
INFO 2023-09-06 16:55:56,597 autoreload 668 Watching for file changes with StatReloader
INFO 2023-09-06 16:56:21,827 autoreload 266 D:\PyProject\luffy\luffyapi\luffyapi\apps\home\admin.py changed, reloading.
INFO 2023-09-06 16:56:22,277 autoreload 668 Watching for file changes with StatReloader
INFO 2023-09-06 16:57:59,785 autoreload 266 D:\PyProject\luffy\luffyapi\luffyapi\apps\home\admin.py changed, reloading.
INFO 2023-09-06 16:58:00,266 autoreload 668 Watching for file changes with StatReloader
INFO 2023-09-06 16:59:45,224 autoreload 668 Watching for file changes with StatReloader
INFO 2023-09-06 17:01:03,053 autoreload 266 D:\PyProject\luffy\luffyapi\luffyapi\apps\home\admin.py changed, reloading.
INFO 2023-09-06 17:01:03,589 autoreload 668 Watching for file changes with StatReloader
INFO 2023-09-06 17:01:25,474 basehttp 212 "GET /admin/ HTTP/1.1" 200 6172
INFO 2023-09-06 17:01:26,738 basehttp 212 "GET /admin/home/banner/ HTTP/1.1" 200 7445
INFO 2023-09-06 17:01:26,814 basehttp 212 "GET /admin/jsi18n/ HTTP/1.1" 200 8560
INFO 2023-09-06 17:01:29,478 basehttp 212 "GET /admin/home/banner/add/ HTTP/1.1" 200 11791
INFO 2023-09-06 17:01:29,527 basehttp 212 "GET /admin/jsi18n/ HTTP/1.1" 200 8560
INFO 2023-09-06 17:04:52,636 autoreload 266 D:\PyProject\luffy\luffyapi\luffyapi\apps\home\admin.py changed, reloading.
INFO 2023-09-06 17:04:53,128 autoreload 668 Watching for file changes with StatReloader
INFO 2023-09-06 17:05:21,822 basehttp 212 "GET /admin/home/banner/add/ HTTP/1.1" 200 11791
INFO 2023-09-06 17:05:21,883 basehttp 212 "GET /admin/jsi18n/ HTTP/1.1" 200 8560
INFO 2023-09-06 17:05:22,717 basehttp 212 "GET /admin/home/banner/add/ HTTP/1.1" 200 11791
INFO 2023-09-06 17:05:22,773 basehttp 212 "GET /admin/jsi18n/ HTTP/1.1" 200 8560
INFO 2023-09-06 17:05:22,902 basehttp 212 "GET /static/admin/css/base.css HTTP/1.1" 200 21207
INFO 2023-09-06 17:05:22,905 basehttp 212 "GET /static/admin/js/jquery.init.js HTTP/1.1" 200 347
INFO 2023-09-06 17:05:22,907 basehttp 212 "GET /static/admin/js/core.js HTTP/1.1" 200 5682
INFO 2023-09-06 17:05:22,910 basehttp 212 "GET /static/admin/js/admin/RelatedObjectLookups.js HTTP/1.1" 200 8943
INFO 2023-09-06 17:05:22,913 basehttp 212 "GET /static/admin/js/actions.js HTTP/1.1" 200 7872
INFO 2023-09-06 17:05:22,915 basehttp 212 "GET /static/admin/js/urlify.js HTTP/1.1" 200 7887
INFO 2023-09-06 17:05:22,917 basehttp 212 "GET /static/admin/js/prepopulate.js HTTP/1.1" 200 1531
INFO 2023-09-06 17:05:22,920 basehttp 212 "GET /static/admin/js/vendor/xregexp/xregexp.js HTTP/1.1" 200 232381
INFO 2023-09-06 17:05:22,922 basehttp 212 "GET /static/admin/js/prepopulate_init.js HTTP/1.1" 200 586
INFO 2023-09-06 17:05:22,925 basehttp 212 "GET /static/admin/css/nav_sidebar.css HTTP/1.1" 200 2694
INFO 2023-09-06 17:05:22,930 basehttp 212 "GET /static/admin/css/forms.css HTTP/1.1" 200 9047
INFO 2023-09-06 17:05:22,934 basehttp 212 "GET /static/admin/css/dark_mode.css HTTP/1.1" 200 2929
INFO 2023-09-06 17:05:22,935 basehttp 212 "GET /static/admin/css/widgets.css HTTP/1.1" 200 11900
INFO 2023-09-06 17:05:22,953 basehttp 212 "GET /static/admin/css/responsive.css HTTP/1.1" 200 18533
INFO 2023-09-06 17:05:22,959 basehttp 212 "GET /static/admin/js/theme.js HTTP/1.1" 200 1943
INFO 2023-09-06 17:05:22,964 basehttp 212 "GET /static/admin/js/nav_sidebar.js HTTP/1.1" 200 3063
INFO 2023-09-06 17:05:22,970 basehttp 212 "GET /static/admin/js/change_form.js HTTP/1.1" 200 606
INFO 2023-09-06 17:05:22,979 basehttp 212 "GET /static/admin/js/vendor/jquery/jquery.js HTTP/1.1" 200 292458
INFO 2023-09-06 17:05:23,004 basehttp 212 "GET /static/admin/img/icon-addlink.svg HTTP/1.1" 200 331
WARNING 2023-09-06 17:05:23,101 log 241 Not Found: /favicon.ico
WARNING 2023-09-06 17:05:23,102 basehttp 212 "GET /favicon.ico HTTP/1.1" 404 2507
INFO 2023-09-06 17:05:23,472 basehttp 212 "GET /admin/ HTTP/1.1" 200 6172
INFO 2023-09-06 17:05:24,309 basehttp 212 "GET /admin/ HTTP/1.1" 200 6172
INFO 2023-09-06 17:05:24,349 basehttp 212 "GET /static/admin/css/dashboard.css HTTP/1.1" 200 441
INFO 2023-09-06 17:05:24,349 basehttp 212 "GET /static/admin/css/nav_sidebar.css HTTP/1.1" 200 2694
INFO 2023-09-06 17:05:24,350 basehttp 212 "GET /static/admin/css/dark_mode.css HTTP/1.1" 200 2929
INFO 2023-09-06 17:05:24,350 basehttp 212 "GET /static/admin/css/base.css HTTP/1.1" 200 21207
INFO 2023-09-06 17:05:24,350 basehttp 212 "GET /static/admin/css/responsive.css HTTP/1.1" 200 18533
INFO 2023-09-06 17:05:24,356 basehttp 212 "GET /static/admin/js/theme.js HTTP/1.1" 200 1943
INFO 2023-09-06 17:05:24,357 basehttp 212 "GET /static/admin/js/nav_sidebar.js HTTP/1.1" 200 3063
INFO 2023-09-06 17:05:24,370 basehttp 212 "GET /static/admin/img/icon-addlink.svg HTTP/1.1" 200 331
INFO 2023-09-06 17:05:24,370 basehttp 212 "GET /static/admin/img/icon-changelink.svg HTTP/1.1" 200 380
WARNING 2023-09-06 17:05:24,435 log 241 Not Found: /favicon.ico
WARNING 2023-09-06 17:05:24,436 basehttp 212 "GET /favicon.ico HTTP/1.1" 404 2507
INFO 2023-09-06 17:05:26,100 basehttp 212 "GET /admin/ HTTP/1.1" 200 6172
INFO 2023-09-06 17:09:39,133 autoreload 266 D:\PyProject\luffy\luffyapi\luffyapi\apps\home\admin.py changed, reloading.
INFO 2023-09-06 17:09:39,653 autoreload 668 Watching for file changes with StatReloader
INFO 2023-09-06 17:09:57,659 autoreload 266 D:\PyProject\luffy\luffyapi\luffyapi\apps\home\admin.py changed, reloading.
INFO 2023-09-06 17:09:58,086 autoreload 668 Watching for file changes with StatReloader
INFO 2023-09-06 17:10:38,027 autoreload 266 D:\PyProject\luffy\luffyapi\luffyapi\apps\home\admin.py changed, reloading.
INFO 2023-09-06 17:10:38,499 autoreload 668 Watching for file changes with StatReloader
INFO 2023-09-06 17:11:41,683 autoreload 266 D:\PyProject\luffy\luffyapi\luffyapi\apps\home\admin.py changed, reloading.
INFO 2023-09-06 17:11:42,155 autoreload 668 Watching for file changes with StatReloader
INFO 2023-09-06 17:11:53,184 basehttp 212 "GET /admin/ HTTP/1.1" 200 6172
WARNING 2023-09-06 17:11:56,919 log 241 Not Found: /
WARNING 2023-09-06 17:11:56,919 basehttp 212 "GET / HTTP/1.1" 404 2456
INFO 2023-09-06 17:11:57,977 basehttp 212 "GET /admin/ HTTP/1.1" 200 6172
INFO 2023-09-06 17:12:03,085 basehttp 212 "GET /admin/ HTTP/1.1" 200 6172
INFO 2023-09-06 17:12:03,326 basehttp 212 "GET /static/admin/css/base.css HTTP/1.1" 200 21207
INFO 2023-09-06 17:12:03,330 basehttp 212 "GET /static/admin/js/nav_sidebar.js HTTP/1.1" 200 3063
INFO 2023-09-06 17:12:03,342 basehttp 212 "GET /static/admin/css/responsive.css HTTP/1.1" 200 18533
INFO 2023-09-06 17:12:03,343 basehttp 212 "GET /static/admin/css/dark_mode.css HTTP/1.1" 200 2929
INFO 2023-09-06 17:12:03,346 basehttp 212 "GET /static/admin/js/theme.js HTTP/1.1" 200 1943
INFO 2023-09-06 17:12:03,346 basehttp 212 "GET /static/admin/css/nav_sidebar.css HTTP/1.1" 200 2694
INFO 2023-09-06 17:12:03,347 basehttp 212 "GET /static/admin/css/dashboard.css HTTP/1.1" 200 441
INFO 2023-09-06 17:12:03,363 basehttp 212 "GET /static/admin/img/icon-addlink.svg HTTP/1.1" 200 331
INFO 2023-09-06 17:12:03,363 basehttp 212 "GET /static/admin/img/icon-changelink.svg HTTP/1.1" 200 380
WARNING 2023-09-06 17:12:03,454 log 241 Not Found: /favicon.ico
WARNING 2023-09-06 17:12:03,454 basehttp 212 "GET /favicon.ico HTTP/1.1" 404 2507
INFO 2023-09-06 17:12:05,125 basehttp 212 "GET /admin/home/banner/ HTTP/1.1" 200 7445
INFO 2023-09-06 17:12:05,178 basehttp 212 "GET /admin/jsi18n/ HTTP/1.1" 200 8560
INFO 2023-09-06 17:12:09,762 basehttp 212 "GET /admin/ HTTP/1.1" 200 6172
INFO 2023-09-06 17:12:11,145 basehttp 212 "GET /admin/home/banner/ HTTP/1.1" 200 7445
INFO 2023-09-06 17:12:11,195 basehttp 212 "GET /admin/jsi18n/ HTTP/1.1" 200 8560
INFO 2023-09-06 17:12:12,492 basehttp 212 "GET /admin/ HTTP/1.1" 200 6172
INFO 2023-09-06 17:13:06,287 autoreload 266 D:\PyProject\luffy\luffyapi\luffyapi\apps\home\admin.py changed, reloading.
INFO 2023-09-06 17:13:06,827 autoreload 668 Watching for file changes with StatReloader
INFO 2023-09-06 17:17:36,175 autoreload 266 D:\PyProject\luffy\luffyapi\luffyapi\apps\home\models.py changed, reloading.
INFO 2023-09-06 17:17:36,792 autoreload 668 Watching for file changes with StatReloader
INFO 2023-09-06 17:18:23,670 basehttp 212 "GET /admin/home/banner/ HTTP/1.1" 200 7445
INFO 2023-09-06 17:18:23,732 basehttp 212 "GET /admin/jsi18n/ HTTP/1.1" 200 8560
INFO 2023-09-06 17:18:26,302 basehttp 212 "GET /admin/home/banner/add/ HTTP/1.1" 200 11791
INFO 2023-09-06 17:18:26,354 basehttp 212 "GET /admin/jsi18n/ HTTP/1.1" 200 8560
INFO 2023-09-06 17:20:34,900 basehttp 212 "POST /admin/home/banner/add/ HTTP/1.1" 302 0
INFO 2023-09-06 17:20:34,924 basehttp 212 "GET /admin/home/banner/add/ HTTP/1.1" 200 12043
INFO 2023-09-06 17:20:34,966 basehttp 212 "GET /admin/jsi18n/ HTTP/1.1" 200 8560
INFO 2023-09-06 17:20:51,554 basehttp 212 "POST /admin/home/banner/add/ HTTP/1.1" 302 0
INFO 2023-09-06 17:20:51,580 basehttp 212 "GET /admin/home/banner/add/ HTTP/1.1" 200 12043
INFO 2023-09-06 17:20:51,632 basehttp 212 "GET /admin/jsi18n/ HTTP/1.1" 200 8560
INFO 2023-09-06 17:20:53,492 basehttp 212 "POST /admin/home/banner/add/ HTTP/1.1" 200 12009
INFO 2023-09-06 17:20:53,556 basehttp 212 "GET /admin/jsi18n/ HTTP/1.1" 200 8560
INFO 2023-09-06 17:21:09,141 basehttp 212 "POST /admin/home/banner/add/ HTTP/1.1" 302 0
INFO 2023-09-06 17:21:09,165 basehttp 212 "GET /admin/home/banner/ HTTP/1.1" 200 9854
INFO 2023-09-06 17:21:09,209 basehttp 212 "GET /admin/jsi18n/ HTTP/1.1" 200 8560
INFO 2023-09-06 17:22:09,198 basehttp 212 "GET /admin/home/banner/1/change/ HTTP/1.1" 200 12518
INFO 2023-09-06 17:22:09,253 basehttp 212 "GET /admin/jsi18n/ HTTP/1.1" 200 8560
INFO 2023-09-06 17:22:28,312 basehttp 212 "GET /banner/ HTTP/1.1" 200 6682
INFO 2023-09-06 17:22:28,535 basehttp 212 "GET /static/rest_framework/css/prettify.css HTTP/1.1" 200 817
INFO 2023-09-06 17:22:28,536 basehttp 212 "GET /static/rest_framework/css/bootstrap.min.css HTTP/1.1" 200 121457
INFO 2023-09-06 17:22:28,538 basehttp 212 "GET /static/rest_framework/js/csrf.js HTTP/1.1" 200 1719
INFO 2023-09-06 17:22:28,539 basehttp 212 "GET /static/rest_framework/js/bootstrap.min.js HTTP/1.1" 200 39680
INFO 2023-09-06 17:22:28,542 basehttp 212 "GET /static/rest_framework/js/default.js HTTP/1.1" 200 1268
INFO 2023-09-06 17:22:28,542 basehttp 212 "GET /static/rest_framework/js/prettify-min.js HTTP/1.1" 200 13632
INFO 2023-09-06 17:22:28,564 basehttp 212 "GET /static/rest_framework/css/default.css HTTP/1.1" 200 1152
INFO 2023-09-06 17:22:28,565 basehttp 212 "GET /static/rest_framework/css/bootstrap-tweaks.css HTTP/1.1" 200 3385
INFO 2023-09-06 17:22:28,566 basehttp 212 "GET /static/rest_framework/js/ajax-form.js HTTP/1.1" 200 3597
INFO 2023-09-06 17:22:28,566 basehttp 212 "GET /static/rest_framework/js/jquery-3.5.1.min.js HTTP/1.1" 200 89476
INFO 2023-09-06 17:22:28,578 basehttp 212 "GET /static/rest_framework/img/grid.png HTTP/1.1" 200 1458
INFO 2023-09-06 17:22:34,111 basehttp 212 "GET /admin/home/banner/ HTTP/1.1" 200 9651
INFO 2023-09-06 17:22:34,161 basehttp 212 "GET /admin/jsi18n/ HTTP/1.1" 200 8560
INFO 2023-09-06 17:22:35,603 basehttp 212 "GET /admin/home/banner/3/change/ HTTP/1.1" 200 12518
INFO 2023-09-06 17:22:35,654 basehttp 212 "GET /admin/jsi18n/ HTTP/1.1" 200 8560
INFO 2023-09-06 17:22:37,816 basehttp 212 "POST /admin/home/banner/3/change/ HTTP/1.1" 302 0
INFO 2023-09-06 17:22:37,847 basehttp 212 "GET /admin/home/banner/ HTTP/1.1" 200 9854
INFO 2023-09-06 17:22:37,895 basehttp 212 "GET /admin/jsi18n/ HTTP/1.1" 200 8560
INFO 2023-09-06 17:22:40,074 basehttp 212 "GET /banner/ HTTP/1.1" 200 6193
INFO 2023-09-06 17:24:06,147 basehttp 212 "GET /admin/home/ HTTP/1.1" 200 5046
INFO 2023-09-06 17:24:07,273 basehttp 212 "GET /admin/home/banner/ HTTP/1.1" 200 9651
INFO 2023-09-06 17:24:07,325 basehttp 212 "GET /admin/jsi18n/ HTTP/1.1" 200 8560
INFO 2023-09-06 17:24:27,564 autoreload 266 D:\PyProject\luffy\luffyapi\luffyapi\apps\home\apps.py changed, reloading.
INFO 2023-09-06 17:24:28,019 autoreload 668 Watching for file changes with StatReloader
INFO 2023-09-06 17:24:50,167 autoreload 266 D:\PyProject\luffy\luffyapi\luffyapi\apps\home\apps.py changed, reloading.
INFO 2023-09-06 17:24:50,605 autoreload 668 Watching for file changes with StatReloader
INFO 2023-09-06 17:25:03,819 basehttp 212 "GET /admin/home/banner/ HTTP/1.1" 200 9651
INFO 2023-09-06 17:25:03,861 basehttp 212 "GET /admin/jsi18n/ HTTP/1.1" 200 8560
INFO 2023-09-06 17:25:04,512 basehttp 212 "GET /admin/home/banner/ HTTP/1.1" 200 9651
INFO 2023-09-06 17:25:04,570 basehttp 212 "GET /admin/jsi18n/ HTTP/1.1" 200 8560
INFO 2023-09-06 17:25:23,746 autoreload 266 D:\PyProject\luffy\luffyapi\luffyapi\apps\home\apps.py changed, reloading.
INFO 2023-09-06 17:25:24,260 autoreload 668 Watching for file changes with StatReloader
INFO 2023-09-06 17:25:27,101 basehttp 212 "GET /admin/home/banner/ HTTP/1.1" 200 9675
INFO 2023-09-06 17:25:27,137 basehttp 212 "GET /admin/jsi18n/ HTTP/1.1" 200 8560
INFO 2023-09-06 17:25:27,904 basehttp 212 "GET /admin/home/banner/ HTTP/1.1" 200 9675
INFO 2023-09-06 17:25:27,946 basehttp 212 "GET /admin/jsi18n/ HTTP/1.1" 200 8560
INFO 2023-09-06 17:25:28,783 basehttp 212 "GET /admin/home/banner/ HTTP/1.1" 200 9675
INFO 2023-09-06 17:25:28,824 basehttp 212 "GET /admin/jsi18n/ HTTP/1.1" 200 8560
